#
# There is insufficient memory for the Java Runtime Environment to continue.
# Native memory allocation (mmap) failed to map 67108864 bytes for Failed to commit area from 0x00000000c1200000 to 0x00000000c5200000 of length 67108864.
# Possible reasons:
#   The system is out of physical RAM or swap space
#   The process is running with CompressedOops enabled, and the Java Heap may be blocking the growth of the native heap
# Possible solutions:
#   Reduce memory load on the system
#   Increase physical memory or swap space
#   Check if swap backing store is full
#   Decrease Java heap size (-Xmx/-Xms)
#   Decrease number of Java threads
#   Decrease Java thread stack sizes (-Xss)
#   Set larger code cache with -XX:ReservedCodeCacheSize=
# This output file may be truncated or incomplete.
#
#  Out of Memory Error (./src/hotspot/os/windows/os_windows.cpp:3301), pid=11092, tid=284
#
# JRE version:  (11.0.10) (build )
# Java VM: OpenJDK 64-Bit Server VM (11.0.10+0-b96-7249189, mixed mode, sharing, tiered, compressed oops, g1 gc, windows-amd64)
# No core dump will be written. Minidumps are not enabled by default on client versions of Windows
#

---------------  S U M M A R Y ------------

Command Line: org.jetbrains.git4idea.http.GitAskPassApp Username for 'https://gitlab.cs.uct.ac.za': 

Host: Intel(R) Core(TM) i3-4030U CPU @ 1.90GHz, 4 cores, 3G,  Windows 10 , 64 bit Build 14393 (10.0.14393.2906)
Time: Mon Sep 20 19:54:23 2021 South Africa Standard Time elapsed time: 0.505027 seconds (0d 0h 0m 0s)

---------------  T H R E A D  ---------------

Current thread (0x0000026adb730000):  JavaThread "Unknown thread" [_thread_in_vm, id=284, stack(0x000000cd49b00000,0x000000cd49c00000)]

Stack: [0x000000cd49b00000,0x000000cd49c00000]
Native frames: (J=compiled Java code, j=interpreted, Vv=VM code, C=native code)
V  [jvm.dll+0x5ecfaa]
V  [jvm.dll+0x722bd5]
V  [jvm.dll+0x72412d]
V  [jvm.dll+0x7247e3]
V  [jvm.dll+0x242928]
V  [jvm.dll+0x5ea374]
V  [jvm.dll+0x5df425]
V  [jvm.dll+0x2fdebb]
V  [jvm.dll+0x2fde2a]
V  [jvm.dll+0x2fdd02]
V  [jvm.dll+0x302bf6]
V  [jvm.dll+0x34b2a3]
V  [jvm.dll+0x34b9a6]
V  [jvm.dll+0x34b3a3]
V  [jvm.dll+0x2d8888]
V  [jvm.dll+0x2d9a37]
V  [jvm.dll+0x701737]
V  [jvm.dll+0x702f2c]
V  [jvm.dll+0x3587d9]
V  [jvm.dll+0x6e4fae]
V  [jvm.dll+0x3c0be3]
V  [jvm.dll+0x3c2e91]
C  [jli.dll+0x5373]
C  [ucrtbase.dll+0x1cd70]
C  [KERNEL32.DLL+0x84d4]
C  [ntdll.dll+0x6e851]


---------------  P R O C E S S  ---------------

Threads class SMR info:
_java_thread_list=0x0000026ad91e6170, length=0, elements={
}

Java Threads: ( => current thread )

Other Threads:
  0x0000026adb748800 GCTaskThread "GC Thread#0" [stack: 0x000000cd49c00000,0x000000cd49d00000] [id=10812]
  0x0000026adb765000 ConcurrentGCThread "G1 Main Marker" [stack: 0x000000cd49d00000,0x000000cd49e00000] [id=2524]
  0x0000026adb768800 ConcurrentGCThread "G1 Conc#0" [stack: 0x000000cd49e00000,0x000000cd49f00000] [id=13416]

[error occurred during error reporting (printing all threads), id 0xc0000005, EXCEPTION_ACCESS_VIOLATION (0xc0000005) at pc=0x00007ffa72f19107]

VM state:not at safepoint (not fully initialized)

VM Mutex/Monitor currently owned by a thread:  ([mutex/lock_event])
[0x0000026adb72e870] Heap_lock - owner thread: 0x0000026adb730000

Heap address: 0x00000000c1200000, size: 1006 MB, Compressed Oops mode: Non-zero based: 0x00000000c1200000
Narrow klass base: 0x0000000000000000, Narrow klass shift: 0

GC Heap History (0 events):
No events

Deoptimization events (0 events):
No events

Classes redefined (0 events):
No events

Internal exceptions (0 events):
No events

Events (1 events):
Event: 0.022 Loaded shared library C:\Program Files\Android\Android Studio\jre\bin\zip.dll


Dynamic libraries:
0x00007ff7d1600000 - 0x00007ff7d160a000 	C:\Program Files\Android\Android Studio\jre\bin\java.exe
0x00007ffaa9e00000 - 0x00007ffaa9fd0000 	C:\WINDOWS\SYSTEM32\ntdll.dll
0x00007ffaa7610000 - 0x00007ffaa76bb000 	C:\WINDOWS\System32\KERNEL32.DLL
0x00007ffaa6ce0000 - 0x00007ffaa6efd000 	C:\WINDOWS\System32\KERNELBASE.dll
0x00007ffaa6be0000 - 0x00007ffaa6cd4000 	C:\WINDOWS\System32\ucrtbase.dll
0x00007ffaa3000000 - 0x00007ffaa3019000 	C:\Program Files\Android\Android Studio\jre\bin\jli.dll
0x00007ffaa2f30000 - 0x00007ffaa2f47000 	C:\Program Files\Android\Android Studio\jre\bin\VCRUNTIME140.dll
0x00007ffaa8dc0000 - 0x00007ffaa8f25000 	C:\WINDOWS\System32\USER32.dll
0x00007ffaa6bc0000 - 0x00007ffaa6bde000 	C:\WINDOWS\System32\win32u.dll
0x00007ffa9c360000 - 0x00007ffa9c5da000 	C:\WINDOWS\WinSxS\amd64_microsoft.windows.common-controls_6595b64144ccf1df_6.0.14393.2848_none_7ddecd5e83436d8c\COMCTL32.dll
0x00007ffaa8be0000 - 0x00007ffaa8c7e000 	C:\WINDOWS\System32\msvcrt.dll
0x00007ffaa9ba0000 - 0x00007ffaa9bd4000 	C:\WINDOWS\System32\GDI32.dll
0x00007ffaa96a0000 - 0x00007ffaa9965000 	C:\WINDOWS\System32\combase.dll
0x00007ffaa6350000 - 0x00007ffaa64d1000 	C:\WINDOWS\System32\gdi32full.dll
0x00007ffaa90c0000 - 0x00007ffaa91e1000 	C:\WINDOWS\System32\RPCRT4.dll
0x00007ffaa7120000 - 0x00007ffaa718a000 	C:\WINDOWS\System32\bcryptPrimitives.dll
0x00007ffaa8f30000 - 0x00007ffaa8f5e000 	C:\WINDOWS\System32\IMM32.DLL
0x00007ffa92020000 - 0x00007ffa920ce000 	C:\Program Files\McAfee\Endpoint Security\Threat Prevention\Ips\EpMPApi.dll
0x00007ffaa73f0000 - 0x00007ffaa7492000 	C:\WINDOWS\System32\ADVAPI32.dll
0x00007ffaa9be0000 - 0x00007ffaa9c39000 	C:\WINDOWS\System32\sechost.dll
0x00007ffaa62f0000 - 0x00007ffaa6345000 	C:\WINDOWS\System32\WINTRUST.dll
0x00007ffaa6260000 - 0x00007ffaa6270000 	C:\WINDOWS\System32\MSASN1.dll
0x00007ffaa6f00000 - 0x00007ffaa70c9000 	C:\WINDOWS\System32\CRYPT32.dll
0x000000005d990000 - 0x000000005d99b000 	C:\Program Files\McAfee\Endpoint Security\Threat Prevention\Ips\EpMPThe.dll
0x00007ffa91fc0000 - 0x00007ffa92019000 	C:\Program Files\McAfee\Endpoint Security\Threat Prevention\Ips\HIPHandlers64.dll
0x00007ffaa7390000 - 0x00007ffaa73e2000 	C:\WINDOWS\System32\SHLWAPI.dll
0x00007ffa972a0000 - 0x00007ffa97432000 	C:\WINDOWS\SYSTEM32\dbghelp.dll
0x00007ffa87ef0000 - 0x00007ffa87f8d000 	C:\Program Files\Android\Android Studio\jre\bin\msvcp140.dll
0x00007ffa72c30000 - 0x00007ffa736ff000 	C:\Program Files\Android\Android Studio\jre\bin\server\jvm.dll
0x00007ffaa91f0000 - 0x00007ffaa91f8000 	C:\WINDOWS\System32\PSAPI.DLL
0x00007ffa9db00000 - 0x00007ffa9db09000 	C:\WINDOWS\SYSTEM32\WSOCK32.dll
0x00007ffaa47c0000 - 0x00007ffaa47e3000 	C:\WINDOWS\SYSTEM32\WINMM.dll
0x00007ffa98540000 - 0x00007ffa9854a000 	C:\WINDOWS\SYSTEM32\VERSION.dll
0x00007ffaa9970000 - 0x00007ffaa99da000 	C:\WINDOWS\System32\WS2_32.dll
0x0000026ad9380000 - 0x0000026ad93ab000 	C:\WINDOWS\SYSTEM32\WINMMBASE.dll
0x00007ffaa70d0000 - 0x00007ffaa7112000 	C:\WINDOWS\System32\cfgmgr32.dll
0x00007ffaa6290000 - 0x00007ffaa629f000 	C:\WINDOWS\System32\kernel.appcore.dll
0x00007ffa91f30000 - 0x00007ffa91f41000 	C:\Program Files\Android\Android Studio\jre\bin\verify.dll
0x00007ffa97a70000 - 0x00007ffa97a99000 	C:\WINDOWS\SYSTEM32\dbgcore.DLL
0x00007ffa91d40000 - 0x00007ffa91d69000 	C:\Program Files\Android\Android Studio\jre\bin\java.dll
0x00007ffa9d9c0000 - 0x00007ffa9d9cb000 	C:\Program Files\Android\Android Studio\jre\bin\jimage.dll
0x00007ffa91f10000 - 0x00007ffa91f28000 	C:\Program Files\Android\Android Studio\jre\bin\zip.dll

dbghelp: loaded successfully - version: 4.0.5 - missing functions: none
symbol engine: initialized successfully - sym options: 0x614 - pdb path: .;C:\Program Files\Android\Android Studio\jre\bin;C:\WINDOWS\SYSTEM32;C:\WINDOWS\WinSxS\amd64_microsoft.windows.common-controls_6595b64144ccf1df_6.0.14393.2848_none_7ddecd5e83436d8c;C:\Program Files\McAfee\Endpoint Security\Threat Prevention\Ips;C:\Program Files\Android\Android Studio\jre\bin\server

VM Arguments:
java_command: org.jetbrains.git4idea.http.GitAskPassApp Username for 'https://gitlab.cs.uct.ac.za': 
java_class_path (initial): C:/Program Files/Android/Android Studio/plugins/git4idea/lib/git4idea-rt.jar;C:/Program Files/Android/Android Studio/lib/xmlrpc-2.0.1.jar;C:/Program Files/Android/Android Studio/lib/commons-codec-1.14.jar
Launcher Type: SUN_STANDARD

[Global flags]
     intx CICompilerCount                          = 3                                         {product} {ergonomic}
     uint ConcGCThreads                            = 1                                         {product} {ergonomic}
     uint G1ConcRefinementThreads                  = 4                                         {product} {ergonomic}
   size_t G1HeapRegionSize                         = 1048576                                   {product} {ergonomic}
    uintx GCDrainStackTargetSize                   = 64                                        {product} {ergonomic}
   size_t InitialHeapSize                          = 67108864                                  {product} {ergonomic}
   size_t MarkStackSize                            = 4194304                                   {product} {ergonomic}
   size_t MaxHeapSize                              = 1054867456                                {product} {ergonomic}
   size_t MinHeapDeltaBytes                        = 1048576                                   {product} {ergonomic}
    uintx NonNMethodCodeHeapSize                   = 5830732                                {pd product} {ergonomic}
    uintx NonProfiledCodeHeapSize                  = 122913754                              {pd product} {ergonomic}
    uintx ProfiledCodeHeapSize                     = 122913754                              {pd product} {ergonomic}
    uintx ReservedCodeCacheSize                    = 251658240                              {pd product} {ergonomic}
     bool SegmentedCodeCache                       = true                                      {product} {ergonomic}
     bool UseCompressedClassPointers               = true                                 {lp64_product} {ergonomic}
     bool UseCompressedOops                        = true                                 {lp64_product} {ergonomic}
     bool UseG1GC                                  = true                                      {product} {ergonomic}
     bool UseLargePagesIndividualAllocation        = false                                  {pd product} {ergonomic}

Logging:
Log output configuration:
 #0: stdout all=warning uptime,level,tags
 #1: stderr all=off uptime,level,tags

Environment Variables:
PATH=C:/Program Files/Git/mingw64/libexec/git-core;C:/Program Files/Git/mingw64/libexec/git-core;C:\Program Files\Git\mingw64\bin;C:\Program Files\Git\usr\bin;C:\Users\User\bin;C:\Program Files (x86)\Common Files\Oracle\Java\javapath;C:\ProgramData\Oracle\Java\javapath;C:\WINDOWS\system32;C:\WINDOWS;C:\WINDOWS\System32\Wbem;C:\WINDOWS\System32\WindowsPowerShell\v1.0\;C:\Program Files\Microsoft SQL Server\130\Tools\Binn\;C:\Program Files\Microsoft SQL Server\Client SDK\ODBC\170\Tools\Binn\;C:\Program Files\dotnet\;C:\Program Files\Git\cmd;C:\Program Files\MySQL\MySQL Shell 8.0\bin\;C:\Users\User\AppData\Local\Microsoft\WindowsApps;C:\Users\User\.dotnet\tools
USERNAME=User
DISPLAY=:0.0
LC_ALL=en_US.UTF-8
OS=Windows_NT
PROCESSOR_IDENTIFIER=Intel64 Family 6 Model 69 Stepping 1, GenuineIntel



---------------  S Y S T E M  ---------------

OS: Windows 10 , 64 bit Build 14393 (10.0.14393.2906)
OS uptime: 3 days 2:37 hours

CPU:total 4 (initial active 4) (2 cores per cpu, 2 threads per core) family 6 model 69 stepping 1 microcode 0x24, cmov, cx8, fxsr, mmx, sse, sse2, sse3, ssse3, sse4.1, sse4.2, popcnt, avx, avx2, aes, clmul, erms, lzcnt, ht, tsc, tscinvbit, bmi1, bmi2, fma

Memory: 4k page, system-wide physical 4016M (639M free)
TotalPageFile size 15269M (AvailPageFile size 8M)
current process WorkingSet (physical memory assigned to process): 11M, peak: 11M
current process commit charge ("private bytes"): 52M, peak: 116M

vm_info: OpenJDK 64-Bit Server VM (11.0.10+0-b96-7249189) for windows-amd64 JRE (11.0.10+0-b96-7249189), built on Mar 31 2021 21:44:00 by "builder" with MS VC++ 14.0 (VS2015)

END.
